<?xml version="1.0" encoding="UTF-8"?>
<!-- Generated by org.testng.reporters.JUnitXMLReporter -->
<testsuite ignored="0" hostname="DESKTOP-T8S1LDH" failures="0" tests="4" name="Surefire test" time="48.44" errors="0" timestamp="2024-07-03T09:43:24 CEST">
  <testcase classname="pack.Test_face1" name="test1" time="3.673"/>
  <testcase classname="pack.Test_face1" name="test2" time="4.55"/>
  <testcase classname="pack.Test_face1" name="test3" time="3.751"/>
  <testcase classname="pack.Test_face2" name="Test4" time="4.101"/>
</testsuite> <!-- Surefire test -->
