<?xml version="1.0" encoding="UTF-8"?>
<testsuite xmlns:xsi="http://www.w3.org/2001/XMLSchema-instance" xsi:noNamespaceSchemaLocation="https://maven.apache.org/surefire/maven-surefire-plugin/xsd/surefire-test-report.xsd" name="TestSuite" time="49.902" tests="4" errors="0" skipped="0" failures="0">
  <properties>
[...]
</properties>
  <testcase name="test1" classname="pack.Test_face1" time="3.679"/>
  <testcase name="test2" classname="pack.Test_face1" time="4.551"/>
  <testcase name="test3" classname="pack.Test_face1" time="3.751"/>
  <testcase name="Test4" classname="pack.Test_face2" time="4.101"/>
</testsuite>